<?xml version="1.0" encoding="UTF-8"?>
<coverage generated="1682845598680" clover="3.2.0">
  <project timestamp="1682845598680" name="All files">
    <metrics statements="88" coveredstatements="82" conditionals="44" coveredconditionals="38" methods="21" coveredmethods="21" elements="153" coveredelements="141" complexity="0" loc="88" ncloc="88" packages="2" files="7" classes="7"/>
    <package name="src">
      <metrics statements="34" coveredstatements="31" conditionals="15" coveredconditionals="12" methods="5" coveredmethods="5"/>
      <file name="compare.js" path="/home/aspogorelova/projects/frontend-project-46/src/compare.js">
        <metrics statements="16" coveredstatements="16" conditionals="10" coveredconditionals="10" methods="2" coveredmethods="2"/>
        <line num="3" count="1" type="stmt"/>
        <line num="4" count="64" type="stmt"/>
        <line num="5" count="64" type="stmt"/>
        <line num="6" count="64" type="stmt"/>
        <line num="7" count="64" type="stmt"/>
        <line num="9" count="64" type="stmt"/>
        <line num="10" count="236" type="cond" truecount="4" falsecount="0"/>
        <line num="11" count="48" type="stmt"/>
        <line num="13" count="188" type="cond" truecount="2" falsecount="0"/>
        <line num="14" count="64" type="stmt"/>
        <line num="16" count="124" type="cond" truecount="2" falsecount="0"/>
        <line num="17" count="32" type="stmt"/>
        <line num="19" count="92" type="cond" truecount="2" falsecount="0"/>
        <line num="20" count="52" type="stmt"/>
        <line num="22" count="40" type="stmt"/>
        <line num="24" count="64" type="stmt"/>
      </file>
      <file name="index.js" path="/home/aspogorelova/projects/frontend-project-46/src/index.js">
        <metrics statements="5" coveredstatements="5" conditionals="0" coveredconditionals="0" methods="1" coveredmethods="1"/>
        <line num="5" count="1" type="stmt"/>
        <line num="6" count="16" type="stmt"/>
        <line num="7" count="16" type="stmt"/>
        <line num="8" count="16" type="stmt"/>
        <line num="9" count="16" type="stmt"/>
      </file>
      <file name="parsers.js" path="/home/aspogorelova/projects/frontend-project-46/src/parsers.js">
        <metrics statements="13" coveredstatements="10" conditionals="5" coveredconditionals="2" methods="2" coveredmethods="2"/>
        <line num="6" count="1" type="stmt"/>
        <line num="7" count="1" type="stmt"/>
        <line num="9" count="32" type="stmt"/>
        <line num="11" count="1" type="stmt"/>
        <line num="12" count="32" type="stmt"/>
        <line num="13" count="32" type="stmt"/>
        <line num="14" count="32" type="stmt"/>
        <line num="15" count="32" type="cond" truecount="2" falsecount="3"/>
        <line num="16" count="16" type="stmt"/>
        <line num="17" count="16" type="stmt"/>
        <line num="18" count="0" type="stmt"/>
        <line num="19" count="0" type="stmt"/>
        <line num="20" count="0" type="stmt"/>
      </file>
    </package>
    <package name="src.formatters">
      <metrics statements="54" coveredstatements="51" conditionals="29" coveredconditionals="26" methods="16" coveredmethods="16"/>
      <file name="index.js" path="/home/aspogorelova/projects/frontend-project-46/src/formatters/index.js">
        <metrics statements="6" coveredstatements="5" conditionals="4" coveredconditionals="3" methods="1" coveredmethods="1"/>
        <line num="5" count="1" type="stmt"/>
        <line num="6" count="16" type="cond" truecount="3" falsecount="1"/>
        <line num="7" count="8" type="stmt"/>
        <line num="9" count="4" type="stmt"/>
        <line num="11" count="4" type="stmt"/>
        <line num="13" count="0" type="stmt"/>
      </file>
      <file name="json.js" path="/home/aspogorelova/projects/frontend-project-46/src/formatters/json.js">
        <metrics statements="1" coveredstatements="1" conditionals="0" coveredconditionals="0" methods="1" coveredmethods="1"/>
        <line num="1" count="4" type="stmt"/>
      </file>
      <file name="plain.js" path="/home/aspogorelova/projects/frontend-project-46/src/formatters/plain.js">
        <metrics statements="23" coveredstatements="22" conditionals="16" coveredconditionals="15" methods="7" coveredmethods="7"/>
        <line num="1" count="1" type="stmt"/>
        <line num="2" count="52" type="cond" truecount="5" falsecount="0"/>
        <line num="3" count="12" type="stmt"/>
        <line num="6" count="40" type="cond" truecount="4" falsecount="0"/>
        <line num="7" count="28" type="stmt"/>
        <line num="10" count="12" type="stmt"/>
        <line num="13" count="1" type="stmt"/>
        <line num="14" count="4" type="stmt"/>
        <line num="15" count="72" type="stmt"/>
        <line num="16" count="72" type="stmt"/>
        <line num="17" count="72" type="cond" truecount="2" falsecount="0"/>
        <line num="18" count="56" type="stmt"/>
        <line num="21" count="56" type="cond" truecount="4" falsecount="1"/>
        <line num="23" count="20" type="stmt"/>
        <line num="26" count="8" type="stmt"/>
        <line num="29" count="16" type="stmt"/>
        <line num="32" count="12" type="stmt"/>
        <line num="35" count="0" type="stmt"/>
        <line num="39" count="4" type="stmt"/>
        <line num="40" count="16" type="stmt"/>
        <line num="41" count="48" type="stmt"/>
        <line num="42" count="56" type="stmt"/>
        <line num="43" count="4" type="stmt"/>
      </file>
      <file name="stylish.js" path="/home/aspogorelova/projects/frontend-project-46/src/formatters/stylish.js">
        <metrics statements="24" coveredstatements="23" conditionals="9" coveredconditionals="8" methods="7" coveredmethods="7"/>
        <line num="3" count="1" type="stmt"/>
        <line num="4" count="1" type="stmt"/>
        <line num="5" count="1" type="stmt"/>
        <line num="7" count="68" type="stmt"/>
        <line num="8" count="80" type="stmt"/>
        <line num="9" count="52" type="stmt"/>
        <line num="11" count="1" type="stmt"/>
        <line num="12" count="132" type="cond" truecount="2" falsecount="0"/>
        <line num="13" count="104" type="stmt"/>
        <line num="16" count="28" type="stmt"/>
        <line num="17" count="28" type="stmt"/>
        <line num="18" count="36" type="stmt"/>
        <line num="19" count="36" type="stmt"/>
        <line num="21" count="28" type="stmt"/>
        <line num="24" count="1" type="cond" truecount="1" falsecount="0"/>
        <line num="25" count="24" type="stmt"/>
        <line num="26" count="92" type="cond" truecount="5" falsecount="1"/>
        <line num="28" count="16" type="stmt"/>
        <line num="31" count="16" type="stmt"/>
        <line num="34" count="20" type="stmt"/>
        <line num="40" count="24" type="stmt"/>
        <line num="43" count="16" type="stmt"/>
        <line num="46" count="0" type="stmt"/>
        <line num="49" count="24" type="stmt"/>
      </file>
    </package>
  </project>
</coverage>
