{"/home/aspogorelova/projects/frontend-project-46/src/compare.js": {"path":"/home/aspogorelova/projects/frontend-project-46/src/compare.js","statementMap":{"0":{"start":{"line":3,"column":22},"end":{"line":25,"column":1}},"1":{"start":{"line":4,"column":16},"end":{"line":4,"column":34}},"2":{"start":{"line":5,"column":16},"end":{"line":5,"column":34}},"3":{"start":{"line":6,"column":15},"end":{"line":6,"column":36}},"4":{"start":{"line":7,"column":21},"end":{"line":7,"column":35}},"5":{"start":{"line":9,"column":21},"end":{"line":23,"column":4}},"6":{"start":{"line":10,"column":4},"end":{"line":12,"column":5}},"7":{"start":{"line":11,"column":6},"end":{"line":11,"column":86}},"8":{"start":{"line":13,"column":4},"end":{"line":15,"column":5}},"9":{"start":{"line":14,"column":6},"end":{"line":14,"column":55}},"10":{"start":{"line":16,"column":4},"end":{"line":18,"column":5}},"11":{"start":{"line":17,"column":6},"end":{"line":17,"column":57}},"12":{"start":{"line":19,"column":4},"end":{"line":21,"column":5}},"13":{"start":{"line":20,"column":6},"end":{"line":20,"column":82}},"14":{"start":{"line":22,"column":4},"end":{"line":22,"column":57}},"15":{"start":{"line":24,"column":2},"end":{"line":24,"column":20}}},"fnMap":{"0":{"name":"(anonymous_0)","decl":{"start":{"line":3,"column":22},"end":{"line":3,"column":23}},"loc":{"start":{"line":3,"column":40},"end":{"line":25,"column":1}},"line":3},"1":{"name":"(anonymous_1)","decl":{"start":{"line":9,"column":36},"end":{"line":9,"column":37}},"loc":{"start":{"line":9,"column":45},"end":{"line":23,"column":3}},"line":9}},"branchMap":{"0":{"loc":{"start":{"line":10,"column":4},"end":{"line":12,"column":5}},"type":"if","locations":[{"start":{"line":10,"column":4},"end":{"line":12,"column":5}},{"start":{},"end":{}}],"line":10},"1":{"loc":{"start":{"line":10,"column":8},"end":{"line":10,"column":66}},"type":"binary-expr","locations":[{"start":{"line":10,"column":8},"end":{"line":10,"column":35}},{"start":{"line":10,"column":39},"end":{"line":10,"column":66}}],"line":10},"2":{"loc":{"start":{"line":13,"column":4},"end":{"line":15,"column":5}},"type":"if","locations":[{"start":{"line":13,"column":4},"end":{"line":15,"column":5}},{"start":{},"end":{}}],"line":13},"3":{"loc":{"start":{"line":16,"column":4},"end":{"line":18,"column":5}},"type":"if","locations":[{"start":{"line":16,"column":4},"end":{"line":18,"column":5}},{"start":{},"end":{}}],"line":16},"4":{"loc":{"start":{"line":19,"column":4},"end":{"line":21,"column":5}},"type":"if","locations":[{"start":{"line":19,"column":4},"end":{"line":21,"column":5}},{"start":{},"end":{}}],"line":19}},"s":{"0":1,"1":64,"2":64,"3":64,"4":64,"5":64,"6":236,"7":48,"8":188,"9":64,"10":124,"11":32,"12":92,"13":52,"14":40,"15":64},"f":{"0":64,"1":236},"b":{"0":[48,188],"1":[236,72],"2":[64,124],"3":[32,92],"4":[52,40]},"_coverageSchema":"1a1c01bbd47fc00a2c39e90264f33305004495a9","hash":"d72e41cde990f11d6c58ce24a472877c5cddfdda"}
,"/home/aspogorelova/projects/frontend-project-46/src/index.js": {"path":"/home/aspogorelova/projects/frontend-project-46/src/index.js","statementMap":{"0":{"start":{"line":5,"column":16},"end":{"line":10,"column":1}},"1":{"start":{"line":6,"column":16},"end":{"line":6,"column":31}},"2":{"start":{"line":7,"column":16},"end":{"line":7,"column":31}},"3":{"start":{"line":8,"column":15},"end":{"line":8,"column":42}},"4":{"start":{"line":9,"column":2},"end":{"line":9,"column":38}}},"fnMap":{"0":{"name":"(anonymous_0)","decl":{"start":{"line":5,"column":16},"end":{"line":5,"column":17}},"loc":{"start":{"line":5,"column":42},"end":{"line":10,"column":1}},"line":5}},"branchMap":{},"s":{"0":1,"1":16,"2":16,"3":16,"4":16},"f":{"0":16},"b":{},"_coverageSchema":"1a1c01bbd47fc00a2c39e90264f33305004495a9","hash":"d1e7c5123735350a10e0641aea0b717a9bde6575"}
,"/home/aspogorelova/projects/frontend-project-46/src/parsers.js": {"path":"/home/aspogorelova/projects/frontend-project-46/src/parsers.js","statementMap":{"0":{"start":{"line":6,"column":19},"end":{"line":6,"column":49}},"1":{"start":{"line":7,"column":18},"end":{"line":7,"column":42}},"2":{"start":{"line":9,"column":20},"end":{"line":9,"column":99}},"3":{"start":{"line":9,"column":34},"end":{"line":9,"column":99}},"4":{"start":{"line":11,"column":17},"end":{"line":22,"column":1}},"5":{"start":{"line":12,"column":21},"end":{"line":12,"column":38}},"6":{"start":{"line":13,"column":15},"end":{"line":13,"column":48}},"7":{"start":{"line":14,"column":17},"end":{"line":14,"column":58}},"8":{"start":{"line":15,"column":2},"end":{"line":21,"column":3}},"9":{"start":{"line":16,"column":17},"end":{"line":16,"column":41}},"10":{"start":{"line":17,"column":17},"end":{"line":17,"column":40}},"11":{"start":{"line":18,"column":16},"end":{"line":18,"column":39}},"12":{"start":{"line":19,"column":16},"end":{"line":19,"column":28}},"13":{"start":{"line":20,"column":13},"end":{"line":20,"column":25}}},"fnMap":{"0":{"name":"(anonymous_0)","decl":{"start":{"line":9,"column":20},"end":{"line":9,"column":21}},"loc":{"start":{"line":9,"column":34},"end":{"line":9,"column":99}},"line":9},"1":{"name":"(anonymous_1)","decl":{"start":{"line":11,"column":17},"end":{"line":11,"column":18}},"loc":{"start":{"line":11,"column":27},"end":{"line":22,"column":1}},"line":11}},"branchMap":{"0":{"loc":{"start":{"line":15,"column":2},"end":{"line":21,"column":3}},"type":"switch","locations":[{"start":{"line":16,"column":4},"end":{"line":16,"column":41}},{"start":{"line":17,"column":4},"end":{"line":17,"column":40}},{"start":{"line":18,"column":4},"end":{"line":18,"column":39}},{"start":{"line":19,"column":4},"end":{"line":19,"column":28}},{"start":{"line":20,"column":4},"end":{"line":20,"column":25}}],"line":15}},"s":{"0":1,"1":1,"2":1,"3":32,"4":1,"5":32,"6":32,"7":32,"8":32,"9":16,"10":16,"11":0,"12":0,"13":0},"f":{"0":32,"1":32},"b":{"0":[16,16,0,0,0]},"_coverageSchema":"1a1c01bbd47fc00a2c39e90264f33305004495a9","hash":"fa5501e4d3173cc53545189ba61043d029b1a92b"}
,"/home/aspogorelova/projects/frontend-project-46/src/formatters/index.js": {"path":"/home/aspogorelova/projects/frontend-project-46/src/formatters/index.js","statementMap":{"0":{"start":{"line":5,"column":23},"end":{"line":15,"column":1}},"1":{"start":{"line":6,"column":2},"end":{"line":14,"column":3}},"2":{"start":{"line":7,"column":20},"end":{"line":7,"column":49}},"3":{"start":{"line":9,"column":18},"end":{"line":9,"column":45}},"4":{"start":{"line":11,"column":17},"end":{"line":11,"column":43}},"5":{"start":{"line":13,"column":13},"end":{"line":13,"column":37}}},"fnMap":{"0":{"name":"(anonymous_0)","decl":{"start":{"line":5,"column":23},"end":{"line":5,"column":24}},"loc":{"start":{"line":5,"column":45},"end":{"line":15,"column":1}},"line":5}},"branchMap":{"0":{"loc":{"start":{"line":6,"column":2},"end":{"line":14,"column":3}},"type":"switch","locations":[{"start":{"line":7,"column":4},"end":{"line":7,"column":49}},{"start":{"line":9,"column":4},"end":{"line":9,"column":45}},{"start":{"line":11,"column":4},"end":{"line":11,"column":43}},{"start":{"line":13,"column":4},"end":{"line":13,"column":37}}],"line":6}},"s":{"0":1,"1":16,"2":8,"3":4,"4":4,"5":0},"f":{"0":16},"b":{"0":[8,4,4,0]},"_coverageSchema":"1a1c01bbd47fc00a2c39e90264f33305004495a9","hash":"999088ba4b71f9967406c1f8d8abbbd8e0850b65"}
,"/home/aspogorelova/projects/frontend-project-46/src/formatters/json.js": {"path":"/home/aspogorelova/projects/frontend-project-46/src/formatters/json.js","statementMap":{"0":{"start":{"line":1,"column":25},"end":{"line":1,"column":45}}},"fnMap":{"0":{"name":"(anonymous_0)","decl":{"start":{"line":1,"column":15},"end":{"line":1,"column":16}},"loc":{"start":{"line":1,"column":25},"end":{"line":1,"column":45}},"line":1}},"branchMap":{},"s":{"0":4},"f":{"0":4},"b":{},"_coverageSchema":"1a1c01bbd47fc00a2c39e90264f33305004495a9","hash":"e3839171f8e89a80edefe053c39d9ab54a92e8c2"}
,"/home/aspogorelova/projects/frontend-project-46/src/formatters/plain.js": {"path":"/home/aspogorelova/projects/frontend-project-46/src/formatters/plain.js","statementMap":{"0":{"start":{"line":1,"column":17},"end":{"line":11,"column":1}},"1":{"start":{"line":2,"column":2},"end":{"line":4,"column":3}},"2":{"start":{"line":3,"column":4},"end":{"line":3,"column":17}},"3":{"start":{"line":6,"column":2},"end":{"line":8,"column":3}},"4":{"start":{"line":7,"column":4},"end":{"line":7,"column":24}},"5":{"start":{"line":10,"column":2},"end":{"line":10,"column":35}},"6":{"start":{"line":13,"column":18},"end":{"line":44,"column":1}},"7":{"start":{"line":14,"column":15},"end":{"line":37,"column":3}},"8":{"start":{"line":15,"column":17},"end":{"line":15,"column":25}},"9":{"start":{"line":16,"column":24},"end":{"line":16,"column":39}},"10":{"start":{"line":17,"column":4},"end":{"line":19,"column":5}},"11":{"start":{"line":18,"column":6},"end":{"line":18,"column":66}},"12":{"start":{"line":18,"column":41},"end":{"line":18,"column":64}},"13":{"start":{"line":21,"column":4},"end":{"line":36,"column":5}},"14":{"start":{"line":23,"column":8},"end":{"line":23,"column":99}},"15":{"start":{"line":26,"column":8},"end":{"line":26,"column":65}},"16":{"start":{"line":29,"column":8},"end":{"line":29,"column":128}},"17":{"start":{"line":32,"column":8},"end":{"line":32,"column":27}},"18":{"start":{"line":35,"column":8},"end":{"line":35,"column":23}},"19":{"start":{"line":39,"column":17},"end":{"line":42,"column":43}},"20":{"start":{"line":40,"column":23},"end":{"line":40,"column":37}},"21":{"start":{"line":41,"column":23},"end":{"line":41,"column":27}},"22":{"start":{"line":42,"column":22},"end":{"line":42,"column":42}},"23":{"start":{"line":43,"column":2},"end":{"line":43,"column":27}}},"fnMap":{"0":{"name":"(anonymous_0)","decl":{"start":{"line":1,"column":17},"end":{"line":1,"column":18}},"loc":{"start":{"line":1,"column":28},"end":{"line":11,"column":1}},"line":1},"1":{"name":"(anonymous_1)","decl":{"start":{"line":13,"column":18},"end":{"line":13,"column":19}},"loc":{"start":{"line":13,"column":28},"end":{"line":44,"column":1}},"line":13},"2":{"name":"(anonymous_2)","decl":{"start":{"line":14,"column":15},"end":{"line":14,"column":16}},"loc":{"start":{"line":14,"column":31},"end":{"line":37,"column":3}},"line":14},"3":{"name":"(anonymous_3)","decl":{"start":{"line":18,"column":31},"end":{"line":18,"column":32}},"loc":{"start":{"line":18,"column":41},"end":{"line":18,"column":64}},"line":18},"4":{"name":"(anonymous_4)","decl":{"start":{"line":40,"column":13},"end":{"line":40,"column":14}},"loc":{"start":{"line":40,"column":23},"end":{"line":40,"column":37}},"line":40},"5":{"name":"(anonymous_5)","decl":{"start":{"line":41,"column":13},"end":{"line":41,"column":14}},"loc":{"start":{"line":41,"column":23},"end":{"line":41,"column":27}},"line":41},"6":{"name":"(anonymous_6)","decl":{"start":{"line":42,"column":12},"end":{"line":42,"column":13}},"loc":{"start":{"line":42,"column":22},"end":{"line":42,"column":42}},"line":42}},"branchMap":{"0":{"loc":{"start":{"line":2,"column":2},"end":{"line":4,"column":3}},"type":"if","locations":[{"start":{"line":2,"column":2},"end":{"line":4,"column":3}},{"start":{},"end":{}}],"line":2},"1":{"loc":{"start":{"line":2,"column":6},"end":{"line":2,"column":57}},"type":"binary-expr","locations":[{"start":{"line":2,"column":6},"end":{"line":2,"column":20}},{"start":{"line":2,"column":24},"end":{"line":2,"column":38}},{"start":{"line":2,"column":42},"end":{"line":2,"column":57}}],"line":2},"2":{"loc":{"start":{"line":6,"column":2},"end":{"line":8,"column":3}},"type":"if","locations":[{"start":{"line":6,"column":2},"end":{"line":8,"column":3}},{"start":{},"end":{}}],"line":6},"3":{"loc":{"start":{"line":6,"column":6},"end":{"line":6,"column":60}},"type":"binary-expr","locations":[{"start":{"line":6,"column":6},"end":{"line":6,"column":31}},{"start":{"line":6,"column":35},"end":{"line":6,"column":60}}],"line":6},"4":{"loc":{"start":{"line":17,"column":4},"end":{"line":19,"column":5}},"type":"if","locations":[{"start":{"line":17,"column":4},"end":{"line":19,"column":5}},{"start":{},"end":{}}],"line":17},"5":{"loc":{"start":{"line":21,"column":4},"end":{"line":36,"column":5}},"type":"switch","locations":[{"start":{"line":22,"column":6},"end":{"line":23,"column":99}},{"start":{"line":25,"column":6},"end":{"line":26,"column":65}},{"start":{"line":28,"column":6},"end":{"line":29,"column":128}},{"start":{"line":31,"column":6},"end":{"line":32,"column":27}},{"start":{"line":34,"column":6},"end":{"line":35,"column":23}}],"line":21}},"s":{"0":1,"1":52,"2":12,"3":40,"4":28,"5":12,"6":1,"7":4,"8":72,"9":72,"10":72,"11":16,"12":56,"13":56,"14":20,"15":8,"16":16,"17":12,"18":0,"19":4,"20":16,"21":48,"22":56,"23":4},"f":{"0":52,"1":4,"2":72,"3":56,"4":16,"5":48,"6":56},"b":{"0":[12,40],"1":[52,48,44],"2":[28,12],"3":[40,12],"4":[16,56],"5":[20,8,16,12,0]},"_coverageSchema":"1a1c01bbd47fc00a2c39e90264f33305004495a9","hash":"a3ea092bffb63e20ea8529a5021cd1d51d46b4af"}
,"/home/aspogorelova/projects/frontend-project-46/src/formatters/stylish.js": {"path":"/home/aspogorelova/projects/frontend-project-46/src/formatters/stylish.js","statementMap":{"0":{"start":{"line":3,"column":17},"end":{"line":3,"column":20}},"1":{"start":{"line":4,"column":20},"end":{"line":4,"column":21}},"2":{"start":{"line":5,"column":19},"end":{"line":5,"column":20}},"3":{"start":{"line":7,"column":26},"end":{"line":7,"column":73}},"4":{"start":{"line":7,"column":37},"end":{"line":7,"column":73}},"5":{"start":{"line":8,"column":24},"end":{"line":8,"column":84}},"6":{"start":{"line":8,"column":35},"end":{"line":8,"column":84}},"7":{"start":{"line":9,"column":30},"end":{"line":9,"column":91}},"8":{"start":{"line":9,"column":41},"end":{"line":9,"column":91}},"9":{"start":{"line":11,"column":17},"end":{"line":22,"column":1}},"10":{"start":{"line":12,"column":2},"end":{"line":14,"column":3}},"11":{"start":{"line":13,"column":4},"end":{"line":13,"column":25}},"12":{"start":{"line":16,"column":18},"end":{"line":16,"column":39}},"13":{"start":{"line":17,"column":16},"end":{"line":20,"column":4}},"14":{"start":{"line":18,"column":17},"end":{"line":18,"column":81}},"15":{"start":{"line":19,"column":4},"end":{"line":19,"column":16}},"16":{"start":{"line":21,"column":2},"end":{"line":21,"column":72}},"17":{"start":{"line":24,"column":20},"end":{"line":50,"column":1}},"18":{"start":{"line":25,"column":23},"end":{"line":48,"column":4}},"19":{"start":{"line":26,"column":4},"end":{"line":47,"column":5}},"20":{"start":{"line":28,"column":8},"end":{"line":28,"column":98}},"21":{"start":{"line":31,"column":8},"end":{"line":31,"column":92}},"22":{"start":{"line":34,"column":8},"end":{"line":37,"column":10}},"23":{"start":{"line":40,"column":8},"end":{"line":40,"column":92}},"24":{"start":{"line":43,"column":8},"end":{"line":43,"column":92}},"25":{"start":{"line":46,"column":8},"end":{"line":46,"column":23}},"26":{"start":{"line":49,"column":2},"end":{"line":49,"column":75}}},"fnMap":{"0":{"name":"(anonymous_0)","decl":{"start":{"line":7,"column":26},"end":{"line":7,"column":27}},"loc":{"start":{"line":7,"column":37},"end":{"line":7,"column":73}},"line":7},"1":{"name":"(anonymous_1)","decl":{"start":{"line":8,"column":24},"end":{"line":8,"column":25}},"loc":{"start":{"line":8,"column":35},"end":{"line":8,"column":84}},"line":8},"2":{"name":"(anonymous_2)","decl":{"start":{"line":9,"column":30},"end":{"line":9,"column":31}},"loc":{"start":{"line":9,"column":41},"end":{"line":9,"column":91}},"line":9},"3":{"name":"(anonymous_3)","decl":{"start":{"line":11,"column":17},"end":{"line":11,"column":18}},"loc":{"start":{"line":11,"column":35},"end":{"line":22,"column":1}},"line":11},"4":{"name":"(anonymous_4)","decl":{"start":{"line":17,"column":28},"end":{"line":17,"column":29}},"loc":{"start":{"line":17,"column":44},"end":{"line":20,"column":3}},"line":17},"5":{"name":"(anonymous_5)","decl":{"start":{"line":24,"column":20},"end":{"line":24,"column":21}},"loc":{"start":{"line":24,"column":41},"end":{"line":50,"column":1}},"line":24},"6":{"name":"(anonymous_6)","decl":{"start":{"line":25,"column":36},"end":{"line":25,"column":37}},"loc":{"start":{"line":25,"column":46},"end":{"line":48,"column":3}},"line":25}},"branchMap":{"0":{"loc":{"start":{"line":12,"column":2},"end":{"line":14,"column":3}},"type":"if","locations":[{"start":{"line":12,"column":2},"end":{"line":14,"column":3}},{"start":{},"end":{}}],"line":12},"1":{"loc":{"start":{"line":24,"column":27},"end":{"line":24,"column":36}},"type":"default-arg","locations":[{"start":{"line":24,"column":35},"end":{"line":24,"column":36}}],"line":24},"2":{"loc":{"start":{"line":26,"column":4},"end":{"line":47,"column":5}},"type":"switch","locations":[{"start":{"line":27,"column":6},"end":{"line":28,"column":98}},{"start":{"line":30,"column":6},"end":{"line":31,"column":92}},{"start":{"line":33,"column":6},"end":{"line":37,"column":10}},{"start":{"line":39,"column":6},"end":{"line":40,"column":92}},{"start":{"line":42,"column":6},"end":{"line":43,"column":92}},{"start":{"line":45,"column":6},"end":{"line":46,"column":23}}],"line":26}},"s":{"0":1,"1":1,"2":1,"3":1,"4":68,"5":1,"6":80,"7":1,"8":52,"9":1,"10":132,"11":104,"12":28,"13":28,"14":36,"15":36,"16":28,"17":1,"18":24,"19":92,"20":16,"21":16,"22":20,"23":24,"24":16,"25":0,"26":24},"f":{"0":68,"1":80,"2":52,"3":132,"4":36,"5":24,"6":92},"b":{"0":[104,28],"1":[8],"2":[16,16,20,24,16,0]},"_coverageSchema":"1a1c01bbd47fc00a2c39e90264f33305004495a9","hash":"61175cd6600676a19b15e0491c27a0063bb92aa1"}
}
