{"/home/aspogorelova/projects/frontend-project-46/src/compare.js": {"path":"/home/aspogorelova/projects/frontend-project-46/src/compare.js","all":false,"statementMap":{"0":{"start":{"line":1,"column":0},"end":{"line":1,"column":23}},"1":{"start":{"line":2,"column":0},"end":{"line":2,"column":0}},"2":{"start":{"line":3,"column":0},"end":{"line":3,"column":41}},"3":{"start":{"line":4,"column":0},"end":{"line":4,"column":35}},"4":{"start":{"line":5,"column":0},"end":{"line":5,"column":35}},"5":{"start":{"line":6,"column":0},"end":{"line":6,"column":37}},"6":{"start":{"line":7,"column":0},"end":{"line":7,"column":36}},"7":{"start":{"line":8,"column":0},"end":{"line":8,"column":0}},"8":{"start":{"line":9,"column":0},"end":{"line":9,"column":46}},"9":{"start":{"line":10,"column":0},"end":{"line":10,"column":69}},"10":{"start":{"line":11,"column":0},"end":{"line":11,"column":86}},"11":{"start":{"line":12,"column":0},"end":{"line":12,"column":5}},"12":{"start":{"line":13,"column":0},"end":{"line":13,"column":29}},"13":{"start":{"line":14,"column":0},"end":{"line":14,"column":55}},"14":{"start":{"line":15,"column":0},"end":{"line":15,"column":5}},"15":{"start":{"line":16,"column":0},"end":{"line":16,"column":29}},"16":{"start":{"line":17,"column":0},"end":{"line":17,"column":57}},"17":{"start":{"line":18,"column":0},"end":{"line":18,"column":5}},"18":{"start":{"line":19,"column":0},"end":{"line":19,"column":36}},"19":{"start":{"line":20,"column":0},"end":{"line":20,"column":82}},"20":{"start":{"line":21,"column":0},"end":{"line":21,"column":5}},"21":{"start":{"line":22,"column":0},"end":{"line":22,"column":57}},"22":{"start":{"line":23,"column":0},"end":{"line":23,"column":5}},"23":{"start":{"line":24,"column":0},"end":{"line":24,"column":20}},"24":{"start":{"line":25,"column":0},"end":{"line":25,"column":2}},"25":{"start":{"line":26,"column":0},"end":{"line":26,"column":0}},"26":{"start":{"line":27,"column":0},"end":{"line":27,"column":29}}},"s":{"0":1,"1":1,"2":1,"3":64,"4":64,"5":64,"6":64,"7":64,"8":64,"9":236,"10":48,"11":48,"12":236,"13":64,"14":64,"15":236,"16":32,"17":32,"18":236,"19":52,"20":52,"21":40,"22":64,"23":64,"24":64,"25":1,"26":1},"branchMap":{"0":{"type":"branch","line":3,"loc":{"start":{"line":3,"column":22},"end":{"line":25,"column":2}},"locations":[{"start":{"line":3,"column":22},"end":{"line":25,"column":2}}]},"1":{"type":"branch","line":9,"loc":{"start":{"line":9,"column":37},"end":{"line":23,"column":3}},"locations":[{"start":{"line":9,"column":37},"end":{"line":23,"column":3}}]},"2":{"type":"branch","line":10,"loc":{"start":{"line":10,"column":35},"end":{"line":10,"column":66}},"locations":[{"start":{"line":10,"column":35},"end":{"line":10,"column":66}}]},"3":{"type":"branch","line":10,"loc":{"start":{"line":10,"column":68},"end":{"line":12,"column":5}},"locations":[{"start":{"line":10,"column":68},"end":{"line":12,"column":5}}]},"4":{"type":"branch","line":12,"loc":{"start":{"line":12,"column":4},"end":{"line":13,"column":28}},"locations":[{"start":{"line":12,"column":4},"end":{"line":13,"column":28}}]},"5":{"type":"branch","line":13,"loc":{"start":{"line":13,"column":28},"end":{"line":15,"column":5}},"locations":[{"start":{"line":13,"column":28},"end":{"line":15,"column":5}}]},"6":{"type":"branch","line":15,"loc":{"start":{"line":15,"column":4},"end":{"line":16,"column":28}},"locations":[{"start":{"line":15,"column":4},"end":{"line":16,"column":28}}]},"7":{"type":"branch","line":16,"loc":{"start":{"line":16,"column":28},"end":{"line":18,"column":5}},"locations":[{"start":{"line":16,"column":28},"end":{"line":18,"column":5}}]},"8":{"type":"branch","line":18,"loc":{"start":{"line":18,"column":4},"end":{"line":19,"column":35}},"locations":[{"start":{"line":18,"column":4},"end":{"line":19,"column":35}}]},"9":{"type":"branch","line":19,"loc":{"start":{"line":19,"column":35},"end":{"line":21,"column":5}},"locations":[{"start":{"line":19,"column":35},"end":{"line":21,"column":5}}]},"10":{"type":"branch","line":21,"loc":{"start":{"line":21,"column":4},"end":{"line":23,"column":3}},"locations":[{"start":{"line":21,"column":4},"end":{"line":23,"column":3}}]}},"b":{"0":[64],"1":[236],"2":[72],"3":[48],"4":[188],"5":[64],"6":[124],"7":[32],"8":[92],"9":[52],"10":[40]},"fnMap":{"0":{"name":"compareObject","decl":{"start":{"line":3,"column":22},"end":{"line":25,"column":2}},"loc":{"start":{"line":3,"column":22},"end":{"line":25,"column":2}},"line":3}},"f":{"0":64}}
,"/home/aspogorelova/projects/frontend-project-46/src/index.js": {"path":"/home/aspogorelova/projects/frontend-project-46/src/index.js","all":false,"statementMap":{"0":{"start":{"line":1,"column":0},"end":{"line":1,"column":36}},"1":{"start":{"line":2,"column":0},"end":{"line":2,"column":41}},"2":{"start":{"line":3,"column":0},"end":{"line":3,"column":51}},"3":{"start":{"line":4,"column":0},"end":{"line":4,"column":0}},"4":{"start":{"line":5,"column":0},"end":{"line":5,"column":43}},"5":{"start":{"line":6,"column":0},"end":{"line":6,"column":32}},"6":{"start":{"line":7,"column":0},"end":{"line":7,"column":32}},"7":{"start":{"line":8,"column":0},"end":{"line":8,"column":43}},"8":{"start":{"line":9,"column":0},"end":{"line":9,"column":38}},"9":{"start":{"line":10,"column":0},"end":{"line":10,"column":2}},"10":{"start":{"line":11,"column":0},"end":{"line":11,"column":0}},"11":{"start":{"line":12,"column":0},"end":{"line":12,"column":23}}},"s":{"0":1,"1":1,"2":1,"3":1,"4":1,"5":16,"6":16,"7":16,"8":16,"9":16,"10":1,"11":1},"branchMap":{"0":{"type":"branch","line":5,"loc":{"start":{"line":5,"column":16},"end":{"line":10,"column":2}},"locations":[{"start":{"line":5,"column":16},"end":{"line":10,"column":2}}]}},"b":{"0":[16]},"fnMap":{"0":{"name":"gendiff","decl":{"start":{"line":5,"column":16},"end":{"line":10,"column":2}},"loc":{"start":{"line":5,"column":16},"end":{"line":10,"column":2}},"line":5}},"f":{"0":16}}
,"/home/aspogorelova/projects/frontend-project-46/src/parsers.js": {"path":"/home/aspogorelova/projects/frontend-project-46/src/parsers.js","all":false,"statementMap":{"0":{"start":{"line":1,"column":0},"end":{"line":1,"column":24}},"1":{"start":{"line":2,"column":0},"end":{"line":2,"column":34}},"2":{"start":{"line":3,"column":0},"end":{"line":3,"column":27}},"3":{"start":{"line":4,"column":0},"end":{"line":4,"column":36}},"4":{"start":{"line":5,"column":0},"end":{"line":5,"column":0}},"5":{"start":{"line":6,"column":0},"end":{"line":6,"column":50}},"6":{"start":{"line":7,"column":0},"end":{"line":7,"column":43}},"7":{"start":{"line":8,"column":0},"end":{"line":8,"column":0}},"8":{"start":{"line":9,"column":0},"end":{"line":9,"column":100}},"9":{"start":{"line":10,"column":0},"end":{"line":10,"column":0}},"10":{"start":{"line":11,"column":0},"end":{"line":11,"column":28}},"11":{"start":{"line":12,"column":0},"end":{"line":12,"column":39}},"12":{"start":{"line":13,"column":0},"end":{"line":13,"column":49}},"13":{"start":{"line":14,"column":0},"end":{"line":14,"column":59}},"14":{"start":{"line":15,"column":0},"end":{"line":15,"column":19}},"15":{"start":{"line":16,"column":0},"end":{"line":16,"column":41}},"16":{"start":{"line":17,"column":0},"end":{"line":17,"column":40}},"17":{"start":{"line":18,"column":0},"end":{"line":18,"column":39}},"18":{"start":{"line":19,"column":0},"end":{"line":19,"column":28}},"19":{"start":{"line":20,"column":0},"end":{"line":20,"column":25}},"20":{"start":{"line":21,"column":0},"end":{"line":21,"column":3}},"21":{"start":{"line":22,"column":0},"end":{"line":22,"column":2}},"22":{"start":{"line":23,"column":0},"end":{"line":23,"column":0}},"23":{"start":{"line":24,"column":0},"end":{"line":24,"column":24}}},"s":{"0":1,"1":1,"2":1,"3":1,"4":1,"5":1,"6":1,"7":1,"8":1,"9":1,"10":1,"11":32,"12":32,"13":32,"14":32,"15":32,"16":32,"17":32,"18":32,"19":32,"20":32,"21":32,"22":1,"23":1},"branchMap":{"0":{"type":"branch","line":9,"loc":{"start":{"line":9,"column":21},"end":{"line":9,"column":99}},"locations":[{"start":{"line":9,"column":21},"end":{"line":9,"column":99}}]},"1":{"type":"branch","line":11,"loc":{"start":{"line":11,"column":18},"end":{"line":22,"column":2}},"locations":[{"start":{"line":11,"column":18},"end":{"line":22,"column":2}}]},"2":{"type":"branch","line":16,"loc":{"start":{"line":16,"column":4},"end":{"line":16,"column":41}},"locations":[{"start":{"line":16,"column":4},"end":{"line":16,"column":41}}]},"3":{"type":"branch","line":17,"loc":{"start":{"line":17,"column":4},"end":{"line":17,"column":40}},"locations":[{"start":{"line":17,"column":4},"end":{"line":17,"column":40}}]},"4":{"type":"branch","line":18,"loc":{"start":{"line":18,"column":4},"end":{"line":18,"column":39}},"locations":[{"start":{"line":18,"column":4},"end":{"line":18,"column":39}}]},"5":{"type":"branch","line":19,"loc":{"start":{"line":19,"column":4},"end":{"line":19,"column":28}},"locations":[{"start":{"line":19,"column":4},"end":{"line":19,"column":28}}]},"6":{"type":"branch","line":20,"loc":{"start":{"line":20,"column":4},"end":{"line":20,"column":25}},"locations":[{"start":{"line":20,"column":4},"end":{"line":20,"column":25}}]}},"b":{"0":[32],"1":[32],"2":[16],"3":[16],"4":[0],"5":[0],"6":[0]},"fnMap":{"0":{"name":"getPathFile","decl":{"start":{"line":9,"column":21},"end":{"line":9,"column":99}},"loc":{"start":{"line":9,"column":21},"end":{"line":9,"column":99}},"line":9},"1":{"name":"readFile","decl":{"start":{"line":11,"column":18},"end":{"line":22,"column":2}},"loc":{"start":{"line":11,"column":18},"end":{"line":22,"column":2}},"line":11}},"f":{"0":32,"1":32}}
,"/home/aspogorelova/projects/frontend-project-46/src/formatters/index.js": {"path":"/home/aspogorelova/projects/frontend-project-46/src/formatters/index.js","all":false,"statementMap":{"0":{"start":{"line":1,"column":0},"end":{"line":1,"column":39}},"1":{"start":{"line":2,"column":0},"end":{"line":2,"column":35}},"2":{"start":{"line":3,"column":0},"end":{"line":3,"column":33}},"3":{"start":{"line":4,"column":0},"end":{"line":4,"column":0}},"4":{"start":{"line":5,"column":0},"end":{"line":5,"column":46}},"5":{"start":{"line":6,"column":0},"end":{"line":6,"column":19}},"6":{"start":{"line":7,"column":0},"end":{"line":7,"column":49}},"7":{"start":{"line":8,"column":0},"end":{"line":8,"column":0}},"8":{"start":{"line":9,"column":0},"end":{"line":9,"column":45}},"9":{"start":{"line":10,"column":0},"end":{"line":10,"column":0}},"10":{"start":{"line":11,"column":0},"end":{"line":11,"column":43}},"11":{"start":{"line":12,"column":0},"end":{"line":12,"column":0}},"12":{"start":{"line":13,"column":0},"end":{"line":13,"column":37}},"13":{"start":{"line":14,"column":0},"end":{"line":14,"column":3}},"14":{"start":{"line":15,"column":0},"end":{"line":15,"column":2}},"15":{"start":{"line":16,"column":0},"end":{"line":16,"column":0}},"16":{"start":{"line":17,"column":0},"end":{"line":17,"column":30}}},"s":{"0":1,"1":1,"2":1,"3":1,"4":1,"5":16,"6":16,"7":16,"8":16,"9":16,"10":16,"11":16,"12":16,"13":16,"14":16,"15":1,"16":1},"branchMap":{"0":{"type":"branch","line":5,"loc":{"start":{"line":5,"column":23},"end":{"line":15,"column":2}},"locations":[{"start":{"line":5,"column":23},"end":{"line":15,"column":2}}]},"1":{"type":"branch","line":7,"loc":{"start":{"line":7,"column":4},"end":{"line":7,"column":49}},"locations":[{"start":{"line":7,"column":4},"end":{"line":7,"column":49}}]},"2":{"type":"branch","line":9,"loc":{"start":{"line":9,"column":4},"end":{"line":9,"column":45}},"locations":[{"start":{"line":9,"column":4},"end":{"line":9,"column":45}}]},"3":{"type":"branch","line":11,"loc":{"start":{"line":11,"column":4},"end":{"line":11,"column":43}},"locations":[{"start":{"line":11,"column":4},"end":{"line":11,"column":43}}]},"4":{"type":"branch","line":13,"loc":{"start":{"line":13,"column":4},"end":{"line":13,"column":37}},"locations":[{"start":{"line":13,"column":4},"end":{"line":13,"column":37}}]}},"b":{"0":[16],"1":[8],"2":[4],"3":[4],"4":[0]},"fnMap":{"0":{"name":"makeFormatting","decl":{"start":{"line":5,"column":23},"end":{"line":15,"column":2}},"loc":{"start":{"line":5,"column":23},"end":{"line":15,"column":2}},"line":5}},"f":{"0":16}}
,"/home/aspogorelova/projects/frontend-project-46/src/formatters/json.js": {"path":"/home/aspogorelova/projects/frontend-project-46/src/formatters/json.js","all":false,"statementMap":{"0":{"start":{"line":1,"column":0},"end":{"line":1,"column":46}}},"s":{"0":1},"branchMap":{"0":{"type":"branch","line":1,"loc":{"start":{"line":1,"column":16},"end":{"line":1,"column":45}},"locations":[{"start":{"line":1,"column":16},"end":{"line":1,"column":45}}]}},"b":{"0":[4]},"fnMap":{"0":{"name":"default","decl":{"start":{"line":1,"column":16},"end":{"line":1,"column":45}},"loc":{"start":{"line":1,"column":16},"end":{"line":1,"column":45}},"line":1}},"f":{"0":4}}
,"/home/aspogorelova/projects/frontend-project-46/src/formatters/plain.js": {"path":"/home/aspogorelova/projects/frontend-project-46/src/formatters/plain.js","all":false,"statementMap":{"0":{"start":{"line":1,"column":0},"end":{"line":1,"column":29}},"1":{"start":{"line":2,"column":0},"end":{"line":2,"column":60}},"2":{"start":{"line":3,"column":0},"end":{"line":3,"column":17}},"3":{"start":{"line":4,"column":0},"end":{"line":4,"column":3}},"4":{"start":{"line":5,"column":0},"end":{"line":5,"column":0}},"5":{"start":{"line":6,"column":0},"end":{"line":6,"column":63}},"6":{"start":{"line":7,"column":0},"end":{"line":7,"column":24}},"7":{"start":{"line":8,"column":0},"end":{"line":8,"column":3}},"8":{"start":{"line":9,"column":0},"end":{"line":9,"column":0}},"9":{"start":{"line":10,"column":0},"end":{"line":10,"column":35}},"10":{"start":{"line":11,"column":0},"end":{"line":11,"column":2}},"11":{"start":{"line":12,"column":0},"end":{"line":12,"column":0}},"12":{"start":{"line":13,"column":0},"end":{"line":13,"column":29}},"13":{"start":{"line":14,"column":0},"end":{"line":14,"column":32}},"14":{"start":{"line":15,"column":0},"end":{"line":15,"column":26}},"15":{"start":{"line":16,"column":0},"end":{"line":16,"column":40}},"16":{"start":{"line":17,"column":0},"end":{"line":17,"column":33}},"17":{"start":{"line":18,"column":0},"end":{"line":18,"column":66}},"18":{"start":{"line":19,"column":0},"end":{"line":19,"column":5}},"19":{"start":{"line":20,"column":0},"end":{"line":20,"column":0}},"20":{"start":{"line":21,"column":0},"end":{"line":21,"column":24}},"21":{"start":{"line":22,"column":0},"end":{"line":22,"column":19}},"22":{"start":{"line":23,"column":0},"end":{"line":23,"column":99}},"23":{"start":{"line":24,"column":0},"end":{"line":24,"column":0}},"24":{"start":{"line":25,"column":0},"end":{"line":25,"column":21}},"25":{"start":{"line":26,"column":0},"end":{"line":26,"column":65}},"26":{"start":{"line":27,"column":0},"end":{"line":27,"column":0}},"27":{"start":{"line":28,"column":0},"end":{"line":28,"column":21}},"28":{"start":{"line":29,"column":0},"end":{"line":29,"column":128}},"29":{"start":{"line":30,"column":0},"end":{"line":30,"column":0}},"30":{"start":{"line":31,"column":0},"end":{"line":31,"column":23}},"31":{"start":{"line":32,"column":0},"end":{"line":32,"column":27}},"32":{"start":{"line":33,"column":0},"end":{"line":33,"column":0}},"33":{"start":{"line":34,"column":0},"end":{"line":34,"column":14}},"34":{"start":{"line":35,"column":0},"end":{"line":35,"column":23}},"35":{"start":{"line":36,"column":0},"end":{"line":36,"column":5}},"36":{"start":{"line":37,"column":0},"end":{"line":37,"column":4}},"37":{"start":{"line":38,"column":0},"end":{"line":38,"column":0}},"38":{"start":{"line":39,"column":0},"end":{"line":39,"column":21}},"39":{"start":{"line":40,"column":0},"end":{"line":40,"column":38}},"40":{"start":{"line":41,"column":0},"end":{"line":41,"column":28}},"41":{"start":{"line":42,"column":0},"end":{"line":42,"column":44}},"42":{"start":{"line":43,"column":0},"end":{"line":43,"column":27}},"43":{"start":{"line":44,"column":0},"end":{"line":44,"column":2}},"44":{"start":{"line":45,"column":0},"end":{"line":45,"column":0}},"45":{"start":{"line":46,"column":0},"end":{"line":46,"column":25}}},"s":{"0":1,"1":52,"2":12,"3":12,"4":40,"5":52,"6":28,"7":28,"8":12,"9":12,"10":12,"11":1,"12":1,"13":4,"14":72,"15":72,"16":72,"17":16,"18":16,"19":56,"20":56,"21":72,"22":20,"23":72,"24":72,"25":8,"26":72,"27":72,"28":16,"29":72,"30":72,"31":12,"32":72,"33":72,"34":0,"35":72,"36":4,"37":4,"38":4,"39":4,"40":4,"41":4,"42":4,"43":4,"44":1,"45":1},"branchMap":{"0":{"type":"branch","line":1,"loc":{"start":{"line":1,"column":18},"end":{"line":11,"column":2}},"locations":[{"start":{"line":1,"column":18},"end":{"line":11,"column":2}}]},"1":{"type":"branch","line":2,"loc":{"start":{"line":2,"column":20},"end":{"line":2,"column":38}},"locations":[{"start":{"line":2,"column":20},"end":{"line":2,"column":38}}]},"2":{"type":"branch","line":2,"loc":{"start":{"line":2,"column":38},"end":{"line":2,"column":57}},"locations":[{"start":{"line":2,"column":38},"end":{"line":2,"column":57}}]},"3":{"type":"branch","line":2,"loc":{"start":{"line":2,"column":59},"end":{"line":4,"column":3}},"locations":[{"start":{"line":2,"column":59},"end":{"line":4,"column":3}}]},"4":{"type":"branch","line":4,"loc":{"start":{"line":4,"column":2},"end":{"line":6,"column":35}},"locations":[{"start":{"line":4,"column":2},"end":{"line":6,"column":35}}]},"5":{"type":"branch","line":6,"loc":{"start":{"line":6,"column":31},"end":{"line":6,"column":60}},"locations":[{"start":{"line":6,"column":31},"end":{"line":6,"column":60}}]},"6":{"type":"branch","line":6,"loc":{"start":{"line":6,"column":62},"end":{"line":8,"column":3}},"locations":[{"start":{"line":6,"column":62},"end":{"line":8,"column":3}}]},"7":{"type":"branch","line":8,"loc":{"start":{"line":8,"column":2},"end":{"line":11,"column":2}},"locations":[{"start":{"line":8,"column":2},"end":{"line":11,"column":2}}]},"8":{"type":"branch","line":13,"loc":{"start":{"line":13,"column":19},"end":{"line":44,"column":2}},"locations":[{"start":{"line":13,"column":19},"end":{"line":44,"column":2}}]},"9":{"type":"branch","line":14,"loc":{"start":{"line":14,"column":15},"end":{"line":37,"column":3}},"locations":[{"start":{"line":14,"column":15},"end":{"line":37,"column":3}}]},"10":{"type":"branch","line":17,"loc":{"start":{"line":17,"column":32},"end":{"line":19,"column":5}},"locations":[{"start":{"line":17,"column":32},"end":{"line":19,"column":5}}]},"11":{"type":"branch","line":19,"loc":{"start":{"line":19,"column":4},"end":{"line":22,"column":11}},"locations":[{"start":{"line":19,"column":4},"end":{"line":22,"column":11}}]},"12":{"type":"branch","line":22,"loc":{"start":{"line":22,"column":6},"end":{"line":23,"column":99}},"locations":[{"start":{"line":22,"column":6},"end":{"line":23,"column":99}}]},"13":{"type":"branch","line":25,"loc":{"start":{"line":25,"column":6},"end":{"line":26,"column":65}},"locations":[{"start":{"line":25,"column":6},"end":{"line":26,"column":65}}]},"14":{"type":"branch","line":28,"loc":{"start":{"line":28,"column":6},"end":{"line":29,"column":128}},"locations":[{"start":{"line":28,"column":6},"end":{"line":29,"column":128}}]},"15":{"type":"branch","line":31,"loc":{"start":{"line":31,"column":6},"end":{"line":32,"column":27}},"locations":[{"start":{"line":31,"column":6},"end":{"line":32,"column":27}}]},"16":{"type":"branch","line":34,"loc":{"start":{"line":34,"column":6},"end":{"line":35,"column":23}},"locations":[{"start":{"line":34,"column":6},"end":{"line":35,"column":23}}]},"17":{"type":"branch","line":18,"loc":{"start":{"line":18,"column":32},"end":{"line":18,"column":64}},"locations":[{"start":{"line":18,"column":32},"end":{"line":18,"column":64}}]},"18":{"type":"branch","line":40,"loc":{"start":{"line":40,"column":14},"end":{"line":40,"column":37}},"locations":[{"start":{"line":40,"column":14},"end":{"line":40,"column":37}}]},"19":{"type":"branch","line":41,"loc":{"start":{"line":41,"column":14},"end":{"line":41,"column":27}},"locations":[{"start":{"line":41,"column":14},"end":{"line":41,"column":27}}]},"20":{"type":"branch","line":42,"loc":{"start":{"line":42,"column":13},"end":{"line":42,"column":42}},"locations":[{"start":{"line":42,"column":13},"end":{"line":42,"column":42}}]}},"b":{"0":[52],"1":[48],"2":[44],"3":[12],"4":[40],"5":[12],"6":[28],"7":[12],"8":[4],"9":[72],"10":[16],"11":[56],"12":[20],"13":[8],"14":[16],"15":[12],"16":[0],"17":[56],"18":[16],"19":[48],"20":[56]},"fnMap":{"0":{"name":"getValue","decl":{"start":{"line":1,"column":18},"end":{"line":11,"column":2}},"loc":{"start":{"line":1,"column":18},"end":{"line":11,"column":2}},"line":1},"1":{"name":"makePlain","decl":{"start":{"line":13,"column":19},"end":{"line":44,"column":2}},"loc":{"start":{"line":13,"column":19},"end":{"line":44,"column":2}},"line":13},"2":{"name":"iter","decl":{"start":{"line":14,"column":15},"end":{"line":37,"column":3}},"loc":{"start":{"line":14,"column":15},"end":{"line":37,"column":3}},"line":14}},"f":{"0":52,"1":4,"2":72}}
,"/home/aspogorelova/projects/frontend-project-46/src/formatters/stylish.js": {"path":"/home/aspogorelova/projects/frontend-project-46/src/formatters/stylish.js","all":false,"statementMap":{"0":{"start":{"line":1,"column":0},"end":{"line":1,"column":23}},"1":{"start":{"line":2,"column":0},"end":{"line":2,"column":0}},"2":{"start":{"line":3,"column":0},"end":{"line":3,"column":21}},"3":{"start":{"line":4,"column":0},"end":{"line":4,"column":22}},"4":{"start":{"line":5,"column":0},"end":{"line":5,"column":21}},"5":{"start":{"line":6,"column":0},"end":{"line":6,"column":0}},"6":{"start":{"line":7,"column":0},"end":{"line":7,"column":74}},"7":{"start":{"line":8,"column":0},"end":{"line":8,"column":85}},"8":{"start":{"line":9,"column":0},"end":{"line":9,"column":92}},"9":{"start":{"line":10,"column":0},"end":{"line":10,"column":0}},"10":{"start":{"line":11,"column":0},"end":{"line":11,"column":36}},"11":{"start":{"line":12,"column":0},"end":{"line":12,"column":27}},"12":{"start":{"line":13,"column":0},"end":{"line":13,"column":25}},"13":{"start":{"line":14,"column":0},"end":{"line":14,"column":3}},"14":{"start":{"line":15,"column":0},"end":{"line":15,"column":0}},"15":{"start":{"line":16,"column":0},"end":{"line":16,"column":40}},"16":{"start":{"line":17,"column":0},"end":{"line":17,"column":45}},"17":{"start":{"line":18,"column":0},"end":{"line":18,"column":82}},"18":{"start":{"line":19,"column":0},"end":{"line":19,"column":16}},"19":{"start":{"line":20,"column":0},"end":{"line":20,"column":5}},"20":{"start":{"line":21,"column":0},"end":{"line":21,"column":72}},"21":{"start":{"line":22,"column":0},"end":{"line":22,"column":2}},"22":{"start":{"line":23,"column":0},"end":{"line":23,"column":0}},"23":{"start":{"line":24,"column":0},"end":{"line":24,"column":42}},"24":{"start":{"line":25,"column":0},"end":{"line":25,"column":47}},"25":{"start":{"line":26,"column":0},"end":{"line":26,"column":24}},"26":{"start":{"line":27,"column":0},"end":{"line":27,"column":20}},"27":{"start":{"line":28,"column":0},"end":{"line":28,"column":98}},"28":{"start":{"line":29,"column":0},"end":{"line":29,"column":0}},"29":{"start":{"line":30,"column":0},"end":{"line":30,"column":23}},"30":{"start":{"line":31,"column":0},"end":{"line":31,"column":92}},"31":{"start":{"line":32,"column":0},"end":{"line":32,"column":0}},"32":{"start":{"line":33,"column":0},"end":{"line":33,"column":21}},"33":{"start":{"line":34,"column":0},"end":{"line":34,"column":16}},"34":{"start":{"line":35,"column":0},"end":{"line":35,"column":90}},"35":{"start":{"line":36,"column":0},"end":{"line":36,"column":90}},"36":{"start":{"line":37,"column":0},"end":{"line":37,"column":10}},"37":{"start":{"line":38,"column":0},"end":{"line":38,"column":0}},"38":{"start":{"line":39,"column":0},"end":{"line":39,"column":19}},"39":{"start":{"line":40,"column":0},"end":{"line":40,"column":92}},"40":{"start":{"line":41,"column":0},"end":{"line":41,"column":0}},"41":{"start":{"line":42,"column":0},"end":{"line":42,"column":21}},"42":{"start":{"line":43,"column":0},"end":{"line":43,"column":92}},"43":{"start":{"line":44,"column":0},"end":{"line":44,"column":0}},"44":{"start":{"line":45,"column":0},"end":{"line":45,"column":14}},"45":{"start":{"line":46,"column":0},"end":{"line":46,"column":23}},"46":{"start":{"line":47,"column":0},"end":{"line":47,"column":5}},"47":{"start":{"line":48,"column":0},"end":{"line":48,"column":5}},"48":{"start":{"line":49,"column":0},"end":{"line":49,"column":75}},"49":{"start":{"line":50,"column":0},"end":{"line":50,"column":2}},"50":{"start":{"line":51,"column":0},"end":{"line":51,"column":0}},"51":{"start":{"line":52,"column":0},"end":{"line":52,"column":27}}},"s":{"0":1,"1":1,"2":1,"3":1,"4":1,"5":1,"6":1,"7":1,"8":1,"9":1,"10":1,"11":132,"12":104,"13":104,"14":28,"15":28,"16":28,"17":36,"18":36,"19":28,"20":28,"21":28,"22":1,"23":1,"24":24,"25":92,"26":92,"27":16,"28":92,"29":92,"30":16,"31":92,"32":92,"33":20,"34":20,"35":20,"36":20,"37":92,"38":92,"39":24,"40":92,"41":92,"42":16,"43":92,"44":92,"45":0,"46":92,"47":24,"48":24,"49":24,"50":1,"51":1},"branchMap":{"0":{"type":"branch","line":7,"loc":{"start":{"line":7,"column":27},"end":{"line":7,"column":73}},"locations":[{"start":{"line":7,"column":27},"end":{"line":7,"column":73}}]},"1":{"type":"branch","line":8,"loc":{"start":{"line":8,"column":25},"end":{"line":8,"column":84}},"locations":[{"start":{"line":8,"column":25},"end":{"line":8,"column":84}}]},"2":{"type":"branch","line":9,"loc":{"start":{"line":9,"column":31},"end":{"line":9,"column":91}},"locations":[{"start":{"line":9,"column":31},"end":{"line":9,"column":91}}]},"3":{"type":"branch","line":11,"loc":{"start":{"line":11,"column":17},"end":{"line":22,"column":2}},"locations":[{"start":{"line":11,"column":17},"end":{"line":22,"column":2}}]},"4":{"type":"branch","line":12,"loc":{"start":{"line":12,"column":26},"end":{"line":14,"column":3}},"locations":[{"start":{"line":12,"column":26},"end":{"line":14,"column":3}}]},"5":{"type":"branch","line":14,"loc":{"start":{"line":14,"column":2},"end":{"line":22,"column":2}},"locations":[{"start":{"line":14,"column":2},"end":{"line":22,"column":2}}]},"6":{"type":"branch","line":17,"loc":{"start":{"line":17,"column":28},"end":{"line":20,"column":3}},"locations":[{"start":{"line":17,"column":28},"end":{"line":20,"column":3}}]},"7":{"type":"branch","line":24,"loc":{"start":{"line":24,"column":20},"end":{"line":50,"column":2}},"locations":[{"start":{"line":24,"column":20},"end":{"line":50,"column":2}}]},"8":{"type":"branch","line":25,"loc":{"start":{"line":25,"column":37},"end":{"line":48,"column":3}},"locations":[{"start":{"line":25,"column":37},"end":{"line":48,"column":3}}]},"9":{"type":"branch","line":27,"loc":{"start":{"line":27,"column":6},"end":{"line":28,"column":98}},"locations":[{"start":{"line":27,"column":6},"end":{"line":28,"column":98}}]},"10":{"type":"branch","line":30,"loc":{"start":{"line":30,"column":6},"end":{"line":31,"column":92}},"locations":[{"start":{"line":30,"column":6},"end":{"line":31,"column":92}}]},"11":{"type":"branch","line":33,"loc":{"start":{"line":33,"column":6},"end":{"line":37,"column":10}},"locations":[{"start":{"line":33,"column":6},"end":{"line":37,"column":10}}]},"12":{"type":"branch","line":39,"loc":{"start":{"line":39,"column":6},"end":{"line":40,"column":92}},"locations":[{"start":{"line":39,"column":6},"end":{"line":40,"column":92}}]},"13":{"type":"branch","line":42,"loc":{"start":{"line":42,"column":6},"end":{"line":43,"column":92}},"locations":[{"start":{"line":42,"column":6},"end":{"line":43,"column":92}}]},"14":{"type":"branch","line":45,"loc":{"start":{"line":45,"column":6},"end":{"line":46,"column":23}},"locations":[{"start":{"line":45,"column":6},"end":{"line":46,"column":23}}]}},"b":{"0":[68],"1":[80],"2":[52],"3":[132],"4":[104],"5":[28],"6":[36],"7":[24],"8":[92],"9":[16],"10":[16],"11":[20],"12":[24],"13":[16],"14":[0]},"fnMap":{"0":{"name":"spaceUnchangedKey","decl":{"start":{"line":7,"column":27},"end":{"line":7,"column":73}},"loc":{"start":{"line":7,"column":27},"end":{"line":7,"column":73}},"line":7},"1":{"name":"spaceChangedKey","decl":{"start":{"line":8,"column":25},"end":{"line":8,"column":84}},"loc":{"start":{"line":8,"column":25},"end":{"line":8,"column":84}},"line":8},"2":{"name":"spaceForClosedBracket","decl":{"start":{"line":9,"column":31},"end":{"line":9,"column":91}},"loc":{"start":{"line":9,"column":31},"end":{"line":9,"column":91}},"line":9},"3":{"name":"getValue","decl":{"start":{"line":11,"column":17},"end":{"line":22,"column":2}},"loc":{"start":{"line":11,"column":17},"end":{"line":22,"column":2}},"line":11},"4":{"name":"makeStylish","decl":{"start":{"line":24,"column":20},"end":{"line":50,"column":2}},"loc":{"start":{"line":24,"column":20},"end":{"line":50,"column":2}},"line":24}},"f":{"0":68,"1":80,"2":52,"3":132,"4":24}}
}
