TN:
SF:src/compare.js
FN:3,(anonymous_0)
FN:9,(anonymous_1)
FNF:2
FNH:2
FNDA:64,(anonymous_0)
FNDA:236,(anonymous_1)
DA:3,1
DA:4,64
DA:5,64
DA:6,64
DA:7,64
DA:9,64
DA:10,236
DA:11,48
DA:13,188
DA:14,64
DA:16,124
DA:17,32
DA:19,92
DA:20,52
DA:22,40
DA:24,64
LF:16
LH:16
BRDA:10,0,0,48
BRDA:10,0,1,188
BRDA:10,1,0,236
BRDA:10,1,1,72
BRDA:13,2,0,64
BRDA:13,2,1,124
BRDA:16,3,0,32
BRDA:16,3,1,92
BRDA:19,4,0,52
BRDA:19,4,1,40
BRF:10
BRH:10
end_of_record
TN:
SF:src/index.js
FN:5,(anonymous_0)
FNF:1
FNH:1
FNDA:16,(anonymous_0)
DA:5,1
DA:6,16
DA:7,16
DA:8,16
DA:9,16
LF:5
LH:5
BRF:0
BRH:0
end_of_record
TN:
SF:src/parsers.js
FN:9,(anonymous_0)
FN:11,(anonymous_1)
FNF:2
FNH:2
FNDA:32,(anonymous_0)
FNDA:32,(anonymous_1)
DA:6,1
DA:7,1
DA:9,32
DA:11,1
DA:12,32
DA:13,32
DA:14,32
DA:15,32
DA:16,16
DA:17,16
DA:18,0
DA:19,0
DA:20,0
LF:13
LH:10
BRDA:15,0,0,16
BRDA:15,0,1,16
BRDA:15,0,2,0
BRDA:15,0,3,0
BRDA:15,0,4,0
BRF:5
BRH:2
end_of_record
TN:
SF:src/formatters/index.js
FN:5,(anonymous_0)
FNF:1
FNH:1
FNDA:16,(anonymous_0)
DA:5,1
DA:6,16
DA:7,8
DA:9,4
DA:11,4
DA:13,0
LF:6
LH:5
BRDA:6,0,0,8
BRDA:6,0,1,4
BRDA:6,0,2,4
BRDA:6,0,3,0
BRF:4
BRH:3
end_of_record
TN:
SF:src/formatters/json.js
FN:1,(anonymous_0)
FNF:1
FNH:1
FNDA:4,(anonymous_0)
DA:1,4
LF:1
LH:1
BRF:0
BRH:0
end_of_record
TN:
SF:src/formatters/plain.js
FN:1,(anonymous_0)
FN:13,(anonymous_1)
FN:14,(anonymous_2)
FN:18,(anonymous_3)
FN:40,(anonymous_4)
FN:41,(anonymous_5)
FN:42,(anonymous_6)
FNF:7
FNH:7
FNDA:52,(anonymous_0)
FNDA:4,(anonymous_1)
FNDA:72,(anonymous_2)
FNDA:56,(anonymous_3)
FNDA:16,(anonymous_4)
FNDA:48,(anonymous_5)
FNDA:56,(anonymous_6)
DA:1,1
DA:2,52
DA:3,12
DA:6,40
DA:7,28
DA:10,12
DA:13,1
DA:14,4
DA:15,72
DA:16,72
DA:17,72
DA:18,56
DA:21,56
DA:23,20
DA:26,8
DA:29,16
DA:32,12
DA:35,0
DA:39,4
DA:40,16
DA:41,48
DA:42,56
DA:43,4
LF:23
LH:22
BRDA:2,0,0,12
BRDA:2,0,1,40
BRDA:2,1,0,52
BRDA:2,1,1,48
BRDA:2,1,2,44
BRDA:6,2,0,28
BRDA:6,2,1,12
BRDA:6,3,0,40
BRDA:6,3,1,12
BRDA:17,4,0,16
BRDA:17,4,1,56
BRDA:21,5,0,20
BRDA:21,5,1,8
BRDA:21,5,2,16
BRDA:21,5,3,12
BRDA:21,5,4,0
BRF:16
BRH:15
end_of_record
TN:
SF:src/formatters/stylish.js
FN:7,(anonymous_0)
FN:8,(anonymous_1)
FN:9,(anonymous_2)
FN:11,(anonymous_3)
FN:17,(anonymous_4)
FN:24,(anonymous_5)
FN:25,(anonymous_6)
FNF:7
FNH:7
FNDA:68,(anonymous_0)
FNDA:80,(anonymous_1)
FNDA:52,(anonymous_2)
FNDA:132,(anonymous_3)
FNDA:36,(anonymous_4)
FNDA:24,(anonymous_5)
FNDA:92,(anonymous_6)
DA:3,1
DA:4,1
DA:5,1
DA:7,68
DA:8,80
DA:9,52
DA:11,1
DA:12,132
DA:13,104
DA:16,28
DA:17,28
DA:18,36
DA:19,36
DA:21,28
DA:24,1
DA:25,24
DA:26,92
DA:28,16
DA:31,16
DA:34,20
DA:40,24
DA:43,16
DA:46,0
DA:49,24
LF:24
LH:23
BRDA:12,0,0,104
BRDA:12,0,1,28
BRDA:24,1,0,8
BRDA:26,2,0,16
BRDA:26,2,1,16
BRDA:26,2,2,20
BRDA:26,2,3,24
BRDA:26,2,4,16
BRDA:26,2,5,0
BRF:9
BRH:8
end_of_record
