TN:
SF:src/compare.js
FN:3,compareObject
FNF:1
FNH:1
FNDA:64,compareObject
DA:1,1
DA:2,1
DA:3,1
DA:4,64
DA:5,64
DA:6,64
DA:7,64
DA:8,64
DA:9,64
DA:10,236
DA:11,48
DA:12,48
DA:13,236
DA:14,64
DA:15,64
DA:16,236
DA:17,32
DA:18,32
DA:19,236
DA:20,52
DA:21,52
DA:22,40
DA:23,64
DA:24,64
DA:25,64
DA:26,1
DA:27,1
LF:27
LH:27
BRDA:3,0,0,64
BRDA:9,1,0,236
BRDA:10,2,0,72
BRDA:10,3,0,48
BRDA:12,4,0,188
BRDA:13,5,0,64
BRDA:15,6,0,124
BRDA:16,7,0,32
BRDA:18,8,0,92
BRDA:19,9,0,52
BRDA:21,10,0,40
BRF:11
BRH:11
end_of_record
TN:
SF:src/index.js
FN:5,gendiff
FNF:1
FNH:1
FNDA:16,gendiff
DA:1,1
DA:2,1
DA:3,1
DA:4,1
DA:5,1
DA:6,16
DA:7,16
DA:8,16
DA:9,16
DA:10,16
DA:11,1
DA:12,1
LF:12
LH:12
BRDA:5,0,0,16
BRF:1
BRH:1
end_of_record
TN:
SF:src/parsers.js
FN:9,getPathFile
FN:11,readFile
FNF:2
FNH:2
FNDA:32,getPathFile
FNDA:32,readFile
DA:1,1
DA:2,1
DA:3,1
DA:4,1
DA:5,1
DA:6,1
DA:7,1
DA:8,1
DA:9,1
DA:10,1
DA:11,1
DA:12,32
DA:13,32
DA:14,32
DA:15,32
DA:16,32
DA:17,32
DA:18,32
DA:19,32
DA:20,32
DA:21,32
DA:22,32
DA:23,1
DA:24,1
LF:24
LH:24
BRDA:9,0,0,32
BRDA:11,1,0,32
BRDA:16,2,0,16
BRDA:17,3,0,16
BRDA:18,4,0,0
BRDA:19,5,0,0
BRDA:20,6,0,0
BRF:7
BRH:4
end_of_record
TN:
SF:src/formatters/index.js
FN:5,makeFormatting
FNF:1
FNH:1
FNDA:16,makeFormatting
DA:1,1
DA:2,1
DA:3,1
DA:4,1
DA:5,1
DA:6,16
DA:7,16
DA:8,16
DA:9,16
DA:10,16
DA:11,16
DA:12,16
DA:13,16
DA:14,16
DA:15,16
DA:16,1
DA:17,1
LF:17
LH:17
BRDA:5,0,0,16
BRDA:7,1,0,8
BRDA:9,2,0,4
BRDA:11,3,0,4
BRDA:13,4,0,0
BRF:5
BRH:4
end_of_record
TN:
SF:src/formatters/json.js
FN:1,default
FNF:1
FNH:1
FNDA:4,default
DA:1,1
LF:1
LH:1
BRDA:1,0,0,4
BRF:1
BRH:1
end_of_record
TN:
SF:src/formatters/plain.js
FN:1,getValue
FN:13,makePlain
FN:14,iter
FNF:3
FNH:3
FNDA:52,getValue
FNDA:4,makePlain
FNDA:72,iter
DA:1,1
DA:2,52
DA:3,12
DA:4,12
DA:5,40
DA:6,52
DA:7,28
DA:8,28
DA:9,12
DA:10,12
DA:11,12
DA:12,1
DA:13,1
DA:14,4
DA:15,72
DA:16,72
DA:17,72
DA:18,16
DA:19,16
DA:20,56
DA:21,56
DA:22,72
DA:23,20
DA:24,72
DA:25,72
DA:26,8
DA:27,72
DA:28,72
DA:29,16
DA:30,72
DA:31,72
DA:32,12
DA:33,72
DA:34,72
DA:35,0
DA:36,72
DA:37,4
DA:38,4
DA:39,4
DA:40,4
DA:41,4
DA:42,4
DA:43,4
DA:44,4
DA:45,1
DA:46,1
LF:46
LH:45
BRDA:1,0,0,52
BRDA:2,1,0,48
BRDA:2,2,0,44
BRDA:2,3,0,12
BRDA:4,4,0,40
BRDA:6,5,0,12
BRDA:6,6,0,28
BRDA:8,7,0,12
BRDA:13,8,0,4
BRDA:14,9,0,72
BRDA:17,10,0,16
BRDA:19,11,0,56
BRDA:22,12,0,20
BRDA:25,13,0,8
BRDA:28,14,0,16
BRDA:31,15,0,12
BRDA:34,16,0,0
BRDA:18,17,0,56
BRDA:40,18,0,16
BRDA:41,19,0,48
BRDA:42,20,0,56
BRF:21
BRH:20
end_of_record
TN:
SF:src/formatters/stylish.js
FN:7,spaceUnchangedKey
FN:8,spaceChangedKey
FN:9,spaceForClosedBracket
FN:11,getValue
FN:24,makeStylish
FNF:5
FNH:5
FNDA:68,spaceUnchangedKey
FNDA:80,spaceChangedKey
FNDA:52,spaceForClosedBracket
FNDA:132,getValue
FNDA:24,makeStylish
DA:1,1
DA:2,1
DA:3,1
DA:4,1
DA:5,1
DA:6,1
DA:7,1
DA:8,1
DA:9,1
DA:10,1
DA:11,1
DA:12,132
DA:13,104
DA:14,104
DA:15,28
DA:16,28
DA:17,28
DA:18,36
DA:19,36
DA:20,28
DA:21,28
DA:22,28
DA:23,1
DA:24,1
DA:25,24
DA:26,92
DA:27,92
DA:28,16
DA:29,92
DA:30,92
DA:31,16
DA:32,92
DA:33,92
DA:34,20
DA:35,20
DA:36,20
DA:37,20
DA:38,92
DA:39,92
DA:40,24
DA:41,92
DA:42,92
DA:43,16
DA:44,92
DA:45,92
DA:46,0
DA:47,92
DA:48,24
DA:49,24
DA:50,24
DA:51,1
DA:52,1
LF:52
LH:51
BRDA:7,0,0,68
BRDA:8,1,0,80
BRDA:9,2,0,52
BRDA:11,3,0,132
BRDA:12,4,0,104
BRDA:14,5,0,28
BRDA:17,6,0,36
BRDA:24,7,0,24
BRDA:25,8,0,92
BRDA:27,9,0,16
BRDA:30,10,0,16
BRDA:33,11,0,20
BRDA:39,12,0,24
BRDA:42,13,0,16
BRDA:45,14,0,0
BRF:15
BRH:14
end_of_record
